<?xml version="1.0" encoding="UTF-8"?>
<!-- Generated by org.testng.reporters.JUnitReportReporter -->
<testsuite hostname="Nandhu" failures="0" tests="1" name="cucumberOptions.TestNGRunner" time="3.763" errors="0" timestamp="2024-07-24T14:15:15 IST" skipped="0">
  <testcase classname="cucumberOptions.TestNGRunner" name="runScenario" time="3.763"/>
</testsuite> <!-- cucumberOptions.TestNGRunner -->
