<?xml version="1.0" encoding="UTF-8"?>
<!-- Generated by org.testng.reporters.JUnitReportReporter -->
<testsuite hostname="Nandhu" failures="0" tests="1" name="co.in.irctc.pom.Header1_Test" time="14.344" errors="0" timestamp="2024-07-07T08:20:28 IST" skipped="0">
  <testcase classname="co.in.irctc.pom.Header1_Test" name="VerifyHeader1_FindBy" time="14.344"/>
</testsuite> <!-- co.in.irctc.pom.Header1_Test -->
