<?xml version="1.0" encoding="UTF-8"?>
<!-- Generated by org.testng.reporters.JUnitReportReporter -->
<testsuite hostname="Nandhu" failures="0" tests="1" name="testNGScripts.DemoBlazeTest" time="3.914" errors="0" timestamp="2024-07-24T13:24:10 IST" skipped="0">
  <testcase classname="testNGScripts.DemoBlazeTest" name="signInSuccess" time="3.914"/>
</testsuite> <!-- testNGScripts.DemoBlazeTest -->
