<?xml version="1.0" encoding="UTF-8"?>
<!-- Generated by org.testng.reporters.JUnitReportReporter -->
<testsuite hostname="Nandhu" failures="0" tests="3" name="irctcWebpages.DataProviderDemo" time="34.463" errors="1" timestamp="2024-06-12T18:57:31 IST" skipped="0">
  <testcase classname="irctcWebpages.DataProviderDemo" name="login" time="0.009">
    <error message="Cannot invoke &quot;String.equalsIgnoreCase(String)&quot; because &quot;data[0]&quot; is null" type="java.lang.NullPointerException">
      <![CDATA[java.lang.NullPointerException: Cannot invoke "String.equalsIgnoreCase(String)" because "data[0]" is null
at irctcWebpages.DataProviderDemo.login(DataProviderDemo.java:34)
at java.base/jdk.internal.reflect.NativeMethodAccessorImpl.invoke0(Native Method)
at java.base/jdk.internal.reflect.NativeMethodAccessorImpl.invoke(NativeMethodAccessorImpl.java:77)
at java.base/jdk.internal.reflect.DelegatingMethodAccessorImpl.invoke(DelegatingMethodAccessorImpl.java:43)
at java.base/java.lang.reflect.Method.invoke(Method.java:568)
at org.testng.internal.invokers.MethodInvocationHelper.invokeMethod(MethodInvocationHelper.java:141)
at org.testng.internal.invokers.TestInvoker.invokeMethod(TestInvoker.java:686)
at org.testng.internal.invokers.TestInvoker.invokeTestMethod(TestInvoker.java:230)
at org.testng.internal.invokers.TestMethodWithDataProviderMethodWorker.call(TestMethodWithDataProviderMethodWorker.java:81)
at org.testng.internal.thread.Async$AsyncTask.run(Async.java:34)
at java.base/java.util.concurrent.ThreadPoolExecutor.runWorker(ThreadPoolExecutor.java:1136)
at java.base/java.util.concurrent.ThreadPoolExecutor$Worker.run(ThreadPoolExecutor.java:635)
at java.base/java.lang.Thread.run(Thread.java:840)
]]>
    </error>
  </testcase> <!-- login -->
  <testcase classname="irctcWebpages.DataProviderDemo" name="login" time="14.848"/>
  <testcase classname="irctcWebpages.DataProviderDemo" name="login" time="19.606"/>
</testsuite> <!-- irctcWebpages.DataProviderDemo -->
